0 info it worked if it ends with ok
1 verbose cli [ '/Users/turing/.nvm/versions/node/v6.11.2/bin/node',
1 verbose cli   '/Users/turing/.nvm/versions/node/v6.11.2/bin/npm',
1 verbose cli   'run',
1 verbose cli   'dev' ]
2 info using npm@3.10.10
3 info using node@v6.11.2
4 verbose run-script [ 'predev', 'dev', 'postdev' ]
5 info lifecycle egg-vue-webpack-boilerplate@4.4.5~predev: egg-vue-webpack-boilerplate@4.4.5
6 silly lifecycle egg-vue-webpack-boilerplate@4.4.5~predev: no script for predev, continuing
7 info lifecycle egg-vue-webpack-boilerplate@4.4.5~dev: egg-vue-webpack-boilerplate@4.4.5
8 verbose lifecycle egg-vue-webpack-boilerplate@4.4.5~dev: unsafe-perm in lifecycle true
9 verbose lifecycle egg-vue-webpack-boilerplate@4.4.5~dev: PATH: /Users/turing/.nvm/versions/node/v6.11.2/lib/node_modules/npm/bin/node-gyp-bin:/Users/turing/docker_egg/docker_egg/node_modules/.bin:/Users/turing/.nvm/versions/node/v6.11.2/bin:/sw/bin:/sw/sbin:/usr/local/bin:/usr/bin:/bin:/usr/sbin:/sbin:/opt/X11/bin:/usr/local/git/bin:/Users/turing/Library/Android/sdk/platform-tools/:/usr/local/bin:/usr/bin:/bin:/usr/sbin:/sbin:/opt/X11/bin:/usr/local/git/bin:/Users/turing/Library/Android/sdk/tools/:/usr/local/bin:/usr/bin:/bin:/usr/sbin:/sbin:/opt/X11/bin:/usr/local/git/bin:/Users/turing/Library/Android/sdk/platform-tools/:/usr/local/bin:/usr/bin:/bin:/usr/sbin:/sbin:/opt/X11/bin:/usr/local/git/bin:/usr/local/mysql/bin
10 verbose lifecycle egg-vue-webpack-boilerplate@4.4.5~dev: CWD: /Users/turing/docker_egg/docker_egg
11 silly lifecycle egg-vue-webpack-boilerplate@4.4.5~dev: Args: [ '-c', 'egg-bin dev' ]
12 silly lifecycle egg-vue-webpack-boilerplate@4.4.5~dev: Returned: code: 1  signal: null
13 info lifecycle egg-vue-webpack-boilerplate@4.4.5~dev: Failed to exec dev script
14 verbose stack Error: egg-vue-webpack-boilerplate@4.4.5 dev: `egg-bin dev`
14 verbose stack Exit status 1
14 verbose stack     at EventEmitter.<anonymous> (/Users/turing/.nvm/versions/node/v6.11.2/lib/node_modules/npm/lib/utils/lifecycle.js:255:16)
14 verbose stack     at emitTwo (events.js:106:13)
14 verbose stack     at EventEmitter.emit (events.js:191:7)
14 verbose stack     at ChildProcess.<anonymous> (/Users/turing/.nvm/versions/node/v6.11.2/lib/node_modules/npm/lib/utils/spawn.js:40:14)
14 verbose stack     at emitTwo (events.js:106:13)
14 verbose stack     at ChildProcess.emit (events.js:191:7)
14 verbose stack     at maybeClose (internal/child_process.js:891:16)
14 verbose stack     at Process.ChildProcess._handle.onexit (internal/child_process.js:226:5)
15 verbose pkgid egg-vue-webpack-boilerplate@4.4.5
16 verbose cwd /Users/turing/docker_egg/docker_egg
17 error Darwin 18.0.0
18 error argv "/Users/turing/.nvm/versions/node/v6.11.2/bin/node" "/Users/turing/.nvm/versions/node/v6.11.2/bin/npm" "run" "dev"
19 error node v6.11.2
20 error npm  v3.10.10
21 error code ELIFECYCLE
22 error egg-vue-webpack-boilerplate@4.4.5 dev: `egg-bin dev`
22 error Exit status 1
23 error Failed at the egg-vue-webpack-boilerplate@4.4.5 dev script 'egg-bin dev'.
23 error Make sure you have the latest version of node.js and npm installed.
23 error If you do, this is most likely a problem with the egg-vue-webpack-boilerplate package,
23 error not with npm itself.
23 error Tell the author that this fails on your system:
23 error     egg-bin dev
23 error You can get information on how to open an issue for this project with:
23 error     npm bugs egg-vue-webpack-boilerplate
23 error Or if that isn't available, you can get their info via:
23 error     npm owner ls egg-vue-webpack-boilerplate
23 error There is likely additional logging output above.
24 verbose exit [ 1, true ]
